Exception at PC 0x00007FFDC155BB93
Printing stacktrace...

[0]  [0x00007FFDC155BB93]
[1]  [0x00007FFDC155BB93]
[2]  [0x00007FFDC155B4A1]
[3]  [0x00007FFDC155B459]
[4]  [0x00007FFDC15419FE]
[5]  [0x00007FFDC1540ED1]
[6]  [0x00007FFDC1540D76]
[7]  [0x00007FFDC14E79F6]
[8]  [0x00007FFDC14D7AFB]
[9]  [0x00007FFDC15FE90A]
[10]  [0x00007FFDC1619F87]
[11]  [0x00007FFDC161A05F]
[12] (BaseThreadInitThunk+0x1d) [0x00007FFE3588257D]
[13] (RtlUserThreadStart+0x28) [0x00007FFE36DEAA58]
Done
Exception at PC 0x00007FFDC1261A52
Attemped to write at address 0x00007FFDAA4CABA4
Printing stacktrace...

[0]  [0x00007FFDC1261A52]
[1]  [0x00007FFDC1261A52]
[2]  [0x00007FFDC1261AD4]
[3]  [0x00007FFDC13A3FF7]
[4]  [0x00007FFDC1289128]
[5]  [0x00007FFDC153DFB9]
[6]  [0x00007FFDC170EF23]
[7]  [0x00007FFDC161B06B]
[8]  [0x00007FFDC16108AF]
[9]  [0x00007FFDC1610A32]
[10] (RtlActivateActivationContextUnsafeFast+0x12f) [0x00007FFE36DB869F]
[11] (LdrShutdownProcess+0x176) [0x00007FFE36DE10A6]
[12] (RtlExitUserProcess+0xad) [0x00007FFE36DE0C9D]
[13] (ExitProcess+0xb) [0x00007FFE35887FAB]
[14] (exit+0x8d) [0x00007FFE357FD7BD]
[15] (initterm_e+0x25b) [0x00007FFE357FDE3B]
[16]  [0x00000000004014CD]
[17]  [0x000000000040151B]
[18] (BaseThreadInitThunk+0x1d) [0x00007FFE3588257D]
[19] (RtlUserThreadStart+0x28) [0x00007FFE36DEAA58]
Done
