#-----------------------------------------------------------
# Vivado v2018.2 (64-bit)
# SW Build 2258646 on Thu Jun 14 20:03:12 MDT 2018
# IP Build 2256618 on Thu Jun 14 22:10:49 MDT 2018
# Start of session at: Sun Feb 11 00:17:15 2024
# Process ID: 31168
# Current directory: D:/Kishore_Sir_Project/IP_repo/inverter
# Command line: vivado.exe -gui_launcher_event rodinguilauncherevent4100 D:\Kishore_Sir_Project\IP_repo\inverter\inverter.xpr
# Log file: D:/Kishore_Sir_Project/IP_repo/inverter/vivado.log
# Journal file: D:/Kishore_Sir_Project/IP_repo/inverter\vivado.jou
#-----------------------------------------------------------
start_gui
open_project D:/Kishore_Sir_Project/IP_repo/inverter/inverter.xpr
Scanning sources...
Finished scanning sources
INFO: [IP_Flow 19-234] Refreshing IP repositories
INFO: [IP_Flow 19-1700] Loaded user IP repository 'd:/Kishore_Sir_Project/IP_repo/inverter/inverter.srcs/sources_1/new'.
INFO: [IP_Flow 19-2313] Loaded Vivado IP repository 'D:/Xilinx/Vivado/2018.2/data/ip'.
update_compile_order -fileset sources_1
ipx::open_ipxact_file {D:\Kishore_Sir_Project\IP_repo\inverter\inverter.srcs\sources_1\new\component.xml}
WARNING: [IP_Flow 19-5226] Project source file 'd:/Kishore_Sir_Project/IP_repo/inverter/inverter.srcs/sources_1/new/component.xml' ignored by IP packager.
set_property core_revision 6 [ipx::current_core]
ipx::create_xgui_files [ipx::current_core]
ipx::update_checksums [ipx::current_core]
ipx::save_core [ipx::current_core]
update_ip_catalog -rebuild -repo_path d:/Kishore_Sir_Project/IP_repo/inverter/inverter.srcs/sources_1/new
INFO: [IP_Flow 19-725] Reloaded user IP repository 'd:/Kishore_Sir_Project/IP_repo/inverter/inverter.srcs/sources_1/new'
exit
INFO: [Common 17-206] Exiting Vivado at Sun Feb 11 03:01:01 2024...
