#-----------------------------------------------------------
# Vivado v2018.2 (64-bit)
# SW Build 2258646 on Thu Jun 14 20:03:12 MDT 2018
# IP Build 2256618 on Thu Jun 14 22:10:49 MDT 2018
# Start of session at: Sat Feb 10 23:51:01 2024
# Process ID: 41368
# Current directory: D:/Kishore_Sir_Project/IP_repo/inverter
# Command line: vivado.exe -gui_launcher_event rodinguilauncherevent36720 D:\Kishore_Sir_Project\IP_repo\inverter\inverter.xpr
# Log file: D:/Kishore_Sir_Project/IP_repo/inverter/vivado.log
# Journal file: D:/Kishore_Sir_Project/IP_repo/inverter\vivado.jou
#-----------------------------------------------------------
start_gui
open_project D:/Kishore_Sir_Project/IP_repo/inverter/inverter.xpr
Scanning sources...
Finished scanning sources
INFO: [Project 1-230] Project 'inverter.xpr' upgraded for this version of Vivado.
INFO: [IP_Flow 19-234] Refreshing IP repositories
INFO: [IP_Flow 19-1700] Loaded user IP repository 'd:/Kishore_Sir_Project/IP_repo/inverter/inverter.srcs/sources_1/new'.
INFO: [IP_Flow 19-2313] Loaded Vivado IP repository 'D:/Xilinx/Vivado/2018.2/data/ip'.
update_compile_order -fileset sources_1
exit
INFO: [Common 17-206] Exiting Vivado at Sat Feb 10 23:56:37 2024...
